INFO 2025-03-21 20:03:38 FaceParsingModelLoader.py: 33] Successfully loaded the face parsing model!
INFO 2025-03-21 20:04:18 FaceDetModelLoader.py: 16] Start to analyze the face detection model, model path: models, model category: face_detection，model name: face_detection_1.0
INFO 2025-03-21 20:04:18 BaseModelLoader.py: 34] Successfully parsed the model configuration file meta.json!
INFO 2025-03-21 20:04:18 FaceDetModelLoader.py: 34] Successfully loaded the face detection model!
INFO 2025-03-21 20:04:18 FaceAlignModelLoader.py: 16] Start to analyze the face landmark model, model path: models, model category: face_alignment，model name: face_alignment_1.0
INFO 2025-03-21 20:04:18 BaseModelLoader.py: 34] Successfully parsed the model configuration file meta.json!
INFO 2025-03-21 20:04:19 FaceAlignModelLoader.py: 29] Successfully loaded the face landmark model!
INFO 2025-03-21 20:04:19 FaceParsingModelLoader.py: 17] Start to analyze the face parsing model, model path: models, model category: face_parsing，model name: face_parsing_1.0
INFO 2025-03-21 20:04:19 BaseModelLoader.py: 34] Successfully parsed the model configuration file meta.json!
INFO 2025-03-21 20:04:19 FaceParsingModelLoader.py: 33] Successfully loaded the face parsing model!
INFO 2025-03-21 20:08:40 FaceDetModelLoader.py: 16] Start to analyze the face detection model, model path: models, model category: face_detection，model name: face_detection_1.0
INFO 2025-03-21 20:08:40 BaseModelLoader.py: 34] Successfully parsed the model configuration file meta.json!
INFO 2025-03-21 20:08:40 FaceDetModelLoader.py: 34] Successfully loaded the face detection model!
INFO 2025-03-21 20:08:40 FaceAlignModelLoader.py: 16] Start to analyze the face landmark model, model path: models, model category: face_alignment，model name: face_alignment_1.0
INFO 2025-03-21 20:08:40 BaseModelLoader.py: 34] Successfully parsed the model configuration file meta.json!
INFO 2025-03-21 20:08:40 FaceAlignModelLoader.py: 29] Successfully loaded the face landmark model!
INFO 2025-03-21 20:08:40 FaceParsingModelLoader.py: 17] Start to analyze the face parsing model, model path: models, model category: face_parsing，model name: face_parsing_1.0
INFO 2025-03-21 20:08:40 BaseModelLoader.py: 34] Successfully parsed the model configuration file meta.json!
INFO 2025-03-21 20:08:41 FaceParsingModelLoader.py: 35] Successfully loaded the face parsing model!
INFO 2025-03-21 20:12:20 FaceDetModelLoader.py: 16] Start to analyze the face detection model, model path: models, model category: face_detection，model name: face_detection_1.0
INFO 2025-03-21 20:12:20 BaseModelLoader.py: 34] Successfully parsed the model configuration file meta.json!
INFO 2025-03-21 20:12:20 FaceDetModelLoader.py: 34] Successfully loaded the face detection model!
INFO 2025-03-21 20:12:20 FaceAlignModelLoader.py: 16] Start to analyze the face landmark model, model path: models, model category: face_alignment，model name: face_alignment_1.0
INFO 2025-03-21 20:12:20 BaseModelLoader.py: 34] Successfully parsed the model configuration file meta.json!
INFO 2025-03-21 20:12:20 FaceAlignModelLoader.py: 29] Successfully loaded the face landmark model!
INFO 2025-03-21 20:12:20 FaceParsingModelLoader.py: 17] Start to analyze the face parsing model, model path: models, model category: face_parsing，model name: face_parsing_1.0
INFO 2025-03-21 20:12:20 BaseModelLoader.py: 34] Successfully parsed the model configuration file meta.json!
INFO 2025-03-21 20:12:20 FaceParsingModelLoader.py: 35] Successfully loaded the face parsing model!
INFO 2025-03-21 20:13:58 FaceDetModelLoader.py: 16] Start to analyze the face detection model, model path: models, model category: face_detection，model name: face_detection_1.0
INFO 2025-03-21 20:13:58 BaseModelLoader.py: 34] Successfully parsed the model configuration file meta.json!
INFO 2025-03-21 20:13:58 FaceDetModelLoader.py: 34] Successfully loaded the face detection model!
INFO 2025-03-21 20:13:58 FaceAlignModelLoader.py: 16] Start to analyze the face landmark model, model path: models, model category: face_alignment，model name: face_alignment_1.0
INFO 2025-03-21 20:13:58 BaseModelLoader.py: 34] Successfully parsed the model configuration file meta.json!
INFO 2025-03-21 20:13:58 FaceAlignModelLoader.py: 29] Successfully loaded the face landmark model!
INFO 2025-03-21 20:13:58 FaceParsingModelLoader.py: 17] Start to analyze the face parsing model, model path: models, model category: face_parsing，model name: face_parsing_1.0
INFO 2025-03-21 20:13:58 BaseModelLoader.py: 34] Successfully parsed the model configuration file meta.json!
INFO 2025-03-21 20:13:58 FaceParsingModelLoader.py: 35] Successfully loaded the face parsing model!
INFO 2025-03-21 20:15:34 FaceDetModelLoader.py: 16] Start to analyze the face detection model, model path: models, model category: face_detection，model name: face_detection_1.0
INFO 2025-03-21 20:15:34 BaseModelLoader.py: 34] Successfully parsed the model configuration file meta.json!
INFO 2025-03-21 20:15:34 FaceDetModelLoader.py: 34] Successfully loaded the face detection model!
INFO 2025-03-21 20:15:34 FaceAlignModelLoader.py: 16] Start to analyze the face landmark model, model path: models, model category: face_alignment，model name: face_alignment_1.0
INFO 2025-03-21 20:15:34 BaseModelLoader.py: 34] Successfully parsed the model configuration file meta.json!
INFO 2025-03-21 20:15:34 FaceAlignModelLoader.py: 29] Successfully loaded the face landmark model!
INFO 2025-03-21 20:15:34 FaceParsingModelLoader.py: 17] Start to analyze the face parsing model, model path: models, model category: face_parsing，model name: face_parsing_1.0
INFO 2025-03-21 20:15:34 BaseModelLoader.py: 34] Successfully parsed the model configuration file meta.json!
INFO 2025-03-21 20:15:35 FaceParsingModelLoader.py: 35] Successfully loaded the face parsing model!
INFO 2025-03-21 20:16:05 FaceDetModelLoader.py: 16] Start to analyze the face detection model, model path: models, model category: face_detection，model name: face_detection_1.0
INFO 2025-03-21 20:16:05 BaseModelLoader.py: 34] Successfully parsed the model configuration file meta.json!
INFO 2025-03-21 20:16:05 FaceDetModelLoader.py: 34] Successfully loaded the face detection model!
INFO 2025-03-21 20:16:05 FaceAlignModelLoader.py: 16] Start to analyze the face landmark model, model path: models, model category: face_alignment，model name: face_alignment_1.0
INFO 2025-03-21 20:16:05 BaseModelLoader.py: 34] Successfully parsed the model configuration file meta.json!
INFO 2025-03-21 20:16:05 FaceAlignModelLoader.py: 29] Successfully loaded the face landmark model!
INFO 2025-03-21 20:16:05 FaceParsingModelLoader.py: 17] Start to analyze the face parsing model, model path: models, model category: face_parsing，model name: face_parsing_1.0
INFO 2025-03-21 20:16:05 BaseModelLoader.py: 34] Successfully parsed the model configuration file meta.json!
INFO 2025-03-21 20:16:06 FaceParsingModelLoader.py: 35] Successfully loaded the face parsing model!
INFO 2025-04-03 11:28:33 face_pipline.py: 51] Start to load the face detection model...
INFO 2025-04-03 11:28:33 FaceDetModelLoader.py: 38] Start to analyze the face detection model, model path: face_sdk\models, model category: face_detection, model name: face_detection_1.0
ERROR 2025-04-03 11:28:33 BaseModelLoader.py: 42] The configuration file meta.json was not found or failed to parse the file! Path: C:\Users\komputer\Desktop\rip\facex-zoo\face_sdk\face_sdk\models\face_detection\face_detection_1.0\model_meta.json
ERROR 2025-04-03 11:28:33 face_pipline.py: 57] Falied to load face detection Model.
ERROR 2025-04-03 11:28:33 face_pipline.py: 58] [Errno 2] No such file or directory: 'C:\\Users\\komputer\\Desktop\\rip\\facex-zoo\\face_sdk\\face_sdk\\models\\face_detection\\face_detection_1.0\\model_meta.json'
